AppVersion_18_12_24/app/build/intermediates/manifest_merge_blame_file/debug/processDebugMainManifest/manifest-merger-blame-debug-report.txt
1<?xml version="1.0" encoding="utf-8"?>
2<manifest xmlns:android="http://schemas.android.com/apk/res/android"
3    package="com.example.app"
4    android:versionCode="1"
5    android:versionName="1.0" >
6
7    <uses-sdk
8        android:minSdkVersion="24"
9        android:targetSdkVersion="34" />
10
11    <!-- Указание функциональных возможностей устройства -->
12    <uses-feature
12-->src\main\AndroidManifest.xml:7:5-9:36
13        android:name="android.hardware.telephony"
13-->src\main\AndroidManifest.xml:8:9-50
14        android:required="false" />
14-->src\main\AndroidManifest.xml:9:9-33
15
16    <!-- Разрешения -->
17    <uses-permission android:name="com.google.android.gms.permission.ACTIVITY_RECOGNITION" />
17-->src\main\AndroidManifest.xml:12:5-94
17-->src\main\AndroidManifest.xml:12:22-91
18    <uses-permission android:name="android.permission.ACTIVITY_RECOGNITION" />
18-->src\main\AndroidManifest.xml:13:5-79
18-->src\main\AndroidManifest.xml:13:22-76
19    <uses-permission android:name="android.permission.BODY_SENSORS" />
19-->src\main\AndroidManifest.xml:14:5-70
19-->src\main\AndroidManifest.xml:14:22-68
20    <uses-permission android:name="android.permission.READ_SMS" />
20-->src\main\AndroidManifest.xml:15:5-66
20-->src\main\AndroidManifest.xml:15:22-64
21    <uses-permission android:name="android.permission.RECEIVE_SMS" />
21-->src\main\AndroidManifest.xml:16:5-69
21-->src\main\AndroidManifest.xml:16:22-67
22    <uses-permission android:name="android.permission.INTERNET" />
22-->src\main\AndroidManifest.xml:17:5-66
22-->src\main\AndroidManifest.xml:17:22-64
23    <uses-permission
23-->src\main\AndroidManifest.xml:18:5-20:40
24        android:name="android.permission.WRITE_EXTERNAL_STORAGE"
24-->src\main\AndroidManifest.xml:18:22-78
25        android:maxSdkVersion="32" />
25-->src\main\AndroidManifest.xml:19:9-35
26    <uses-permission android:name="android.permission.ACCESS_FINE_LOCATION" />
26-->src\main\AndroidManifest.xml:21:5-78
26-->src\main\AndroidManifest.xml:21:22-76
27    <uses-permission android:name="android.permission.ACCESS_COARSE_LOCATION" />
27-->src\main\AndroidManifest.xml:22:5-80
27-->src\main\AndroidManifest.xml:22:22-78
28    <uses-permission android:name="android.permission.BIND_NOTIFICATION_LISTENER_SERVICE" />
28-->src\main\AndroidManifest.xml:23:5-24:47
28-->src\main\AndroidManifest.xml:23:22-90
29    <uses-permission android:name="android.permission.ACCESS_NETWORK_STATE" />
29-->src\main\AndroidManifest.xml:25:5-79
29-->src\main\AndroidManifest.xml:25:22-76
30    <uses-permission android:name="android.permission.READ_CALL_LOG" />
30-->src\main\AndroidManifest.xml:26:5-71
30-->src\main\AndroidManifest.xml:26:22-69
31    <uses-permission android:name="android.permission.READ_CONTACTS" />
31-->src\main\AndroidManifest.xml:27:5-71
31-->src\main\AndroidManifest.xml:27:22-69
32    <uses-permission android:name="android.permission.PACKAGE_USAGE_STATS" />
32-->src\main\AndroidManifest.xml:28:5-29:47
32-->src\main\AndroidManifest.xml:28:22-75
33    <uses-permission android:name="android.permission.READ_PHONE_STATE" />
33-->src\main\AndroidManifest.xml:30:5-74
33-->src\main\AndroidManifest.xml:30:22-72
34    <uses-permission
34-->src\main\AndroidManifest.xml:18:5-20:40
35        android:name="android.permission.WRITE_EXTERNAL_STORAGE"
35-->src\main\AndroidManifest.xml:18:22-78
36        android:maxSdkVersion="32" />
36-->src\main\AndroidManifest.xml:19:9-35
37
38    <permission
38-->[androidx.core:core:1.12.0] AndroidManifest.xml:22:5-24:47
39        android:name="com.example.app.DYNAMIC_RECEIVER_NOT_EXPORTED_PERMISSION"
39-->[androidx.core:core:1.12.0] AndroidManifest.xml:23:9-81
40        android:protectionLevel="signature" />
40-->[androidx.core:core:1.12.0] AndroidManifest.xml:24:9-44
41
42    <uses-permission android:name="com.example.app.DYNAMIC_RECEIVER_NOT_EXPORTED_PERMISSION" />
42-->[androidx.core:core:1.12.0] AndroidManifest.xml:26:5-97
42-->[androidx.core:core:1.12.0] AndroidManifest.xml:26:22-94
43
44    <supports-screens
44-->[org.osmdroid:osmdroid-android:6.1.20] AndroidManifest.xml:9:5-12:40
45        android:anyDensity="true"
45-->[org.osmdroid:osmdroid-android:6.1.20] AndroidManifest.xml:10:9-34
46        android:largeScreens="true"
46-->[org.osmdroid:osmdroid-android:6.1.20] AndroidManifest.xml:11:9-36
47        android:normalScreens="true" />
47-->[org.osmdroid:osmdroid-android:6.1.20] AndroidManifest.xml:12:9-37
48
49    <uses-feature
49-->[org.osmdroid:osmdroid-android:6.1.20] AndroidManifest.xml:14:5-16:36
50        android:name="android.hardware.location.network"
50-->[org.osmdroid:osmdroid-android:6.1.20] AndroidManifest.xml:15:9-57
51        android:required="false" />
51-->[org.osmdroid:osmdroid-android:6.1.20] AndroidManifest.xml:16:9-33
52    <uses-feature
52-->[org.osmdroid:osmdroid-android:6.1.20] AndroidManifest.xml:17:5-19:36
53        android:name="android.hardware.location.gps"
53-->[org.osmdroid:osmdroid-android:6.1.20] AndroidManifest.xml:18:9-53
54        android:required="false" />
54-->[org.osmdroid:osmdroid-android:6.1.20] AndroidManifest.xml:19:9-33
55    <uses-feature
55-->[org.osmdroid:osmdroid-android:6.1.20] AndroidManifest.xml:23:5-25:36
56        android:name="android.hardware.wifi"
56-->[org.osmdroid:osmdroid-android:6.1.20] AndroidManifest.xml:24:9-45
57        android:required="false" />
57-->[org.osmdroid:osmdroid-android:6.1.20] AndroidManifest.xml:25:9-33
58
59    <application
59-->src\main\AndroidManifest.xml:34:5-82:19
60        android:allowBackup="true"
60-->src\main\AndroidManifest.xml:35:9-35
61        android:appComponentFactory="androidx.core.app.CoreComponentFactory"
61-->[androidx.core:core:1.12.0] AndroidManifest.xml:28:18-86
62        android:dataExtractionRules="@xml/data_extraction_rules"
62-->src\main\AndroidManifest.xml:36:9-65
63        android:debuggable="true"
64        android:extractNativeLibs="false"
65        android:fullBackupContent="@xml/backup_rules"
65-->src\main\AndroidManifest.xml:37:9-54
66        android:icon="@mipmap/ic_launcher"
66-->src\main\AndroidManifest.xml:39:9-43
67        android:label="@string/app_name"
67-->src\main\AndroidManifest.xml:38:9-41
68        android:networkSecurityConfig="@xml/network_security_config"
68-->src\main\AndroidManifest.xml:43:9-69
69        android:roundIcon="@mipmap/ic_launcher_round"
69-->src\main\AndroidManifest.xml:40:9-54
70        android:supportsRtl="true"
70-->src\main\AndroidManifest.xml:41:9-35
71        android:testOnly="true"
72        android:theme="@style/Theme.App" >
72-->src\main\AndroidManifest.xml:42:9-41
73
74        <!-- MainActivity -->
75        <activity
75-->src\main\AndroidManifest.xml:47:9-54:20
76            android:name="com.example.app.MainActivity"
76-->src\main\AndroidManifest.xml:48:13-41
77            android:exported="true" >
77-->src\main\AndroidManifest.xml:49:13-36
78            <intent-filter>
78-->src\main\AndroidManifest.xml:50:13-53:29
79                <action android:name="android.intent.action.MAIN" />
79-->src\main\AndroidManifest.xml:51:17-69
79-->src\main\AndroidManifest.xml:51:25-66
80
81                <category android:name="android.intent.category.LAUNCHER" />
81-->src\main\AndroidManifest.xml:52:17-77
81-->src\main\AndroidManifest.xml:52:27-74
82            </intent-filter>
83        </activity>
84
85        <!-- Активности -->
86        <activity android:name="com.example.app.HealthActivity" />
86-->src\main\AndroidManifest.xml:57:9-52
86-->src\main\AndroidManifest.xml:57:19-49
87        <activity android:name="com.example.app.MessagesActivity" />
87-->src\main\AndroidManifest.xml:58:9-54
87-->src\main\AndroidManifest.xml:58:19-51
88        <activity android:name="com.example.app.NotificationsActivity" />
88-->src\main\AndroidManifest.xml:59:9-59
88-->src\main\AndroidManifest.xml:59:19-56
89        <activity android:name="com.example.app.MapActivity" />
89-->src\main\AndroidManifest.xml:60:9-49
89-->src\main\AndroidManifest.xml:60:19-46
90        <activity android:name="com.example.app.AuthActivity" />
90-->src\main\AndroidManifest.xml:61:9-50
90-->src\main\AndroidManifest.xml:61:19-47
91        <activity
91-->src\main\AndroidManifest.xml:62:9-64:39
92            android:name="com.example.app.CallLogActivity"
92-->src\main\AndroidManifest.xml:63:13-44
93            android:exported="true" />
93-->src\main\AndroidManifest.xml:64:13-36
94        <activity
94-->src\main\AndroidManifest.xml:65:9-67:39
95            android:name="com.example.app.ContactsActivity"
95-->src\main\AndroidManifest.xml:66:13-45
96            android:exported="true" />
96-->src\main\AndroidManifest.xml:67:13-36
97        <activity
97-->src\main\AndroidManifest.xml:68:9-70:39
98            android:name="com.example.app.AppUsageActivity"
98-->src\main\AndroidManifest.xml:69:13-45
99            android:exported="true" />
99-->src\main\AndroidManifest.xml:70:13-36
100
101        <!-- MyNotificationListener -->
102        <service
102-->src\main\AndroidManifest.xml:73:9-80:19
103            android:name="com.example.app.MyNotificationListener"
103-->src\main\AndroidManifest.xml:74:13-51
104            android:exported="true"
104-->src\main\AndroidManifest.xml:76:13-36
105            android:permission="android.permission.BIND_NOTIFICATION_LISTENER_SERVICE" >
105-->src\main\AndroidManifest.xml:75:13-87
106            <intent-filter>
106-->src\main\AndroidManifest.xml:77:13-79:29
107                <action android:name="android.service.notification.NotificationListenerService" />
107-->src\main\AndroidManifest.xml:78:17-99
107-->src\main\AndroidManifest.xml:78:25-96
108            </intent-filter>
109        </service>
110
111        <activity
111-->[androidx.compose.ui:ui-tooling-android:1.6.0] AndroidManifest.xml:23:9-25:39
112            android:name="androidx.compose.ui.tooling.PreviewActivity"
112-->[androidx.compose.ui:ui-tooling-android:1.6.0] AndroidManifest.xml:24:13-71
113            android:exported="true" />
113-->[androidx.compose.ui:ui-tooling-android:1.6.0] AndroidManifest.xml:25:13-36
114        <activity
114-->[androidx.compose.ui:ui-test-manifest:1.6.0] AndroidManifest.xml:23:9-25:39
115            android:name="androidx.activity.ComponentActivity"
115-->[androidx.compose.ui:ui-test-manifest:1.6.0] AndroidManifest.xml:24:13-63
116            android:exported="true" />
116-->[androidx.compose.ui:ui-test-manifest:1.6.0] AndroidManifest.xml:25:13-36
117        <activity
117-->[com.google.android.gms:play-services-auth:21.2.0] AndroidManifest.xml:23:9-27:75
118            android:name="com.google.android.gms.auth.api.signin.internal.SignInHubActivity"
118-->[com.google.android.gms:play-services-auth:21.2.0] AndroidManifest.xml:24:13-93
119            android:excludeFromRecents="true"
119-->[com.google.android.gms:play-services-auth:21.2.0] AndroidManifest.xml:25:13-46
120            android:exported="false"
120-->[com.google.android.gms:play-services-auth:21.2.0] AndroidManifest.xml:26:13-37
121            android:theme="@android:style/Theme.Translucent.NoTitleBar" />
121-->[com.google.android.gms:play-services-auth:21.2.0] AndroidManifest.xml:27:13-72
122        <!--
123            Service handling Google Sign-In user revocation. For apps that do not integrate with
124            Google Sign-In, this service will never be started.
125        -->
126        <service
126-->[com.google.android.gms:play-services-auth:21.2.0] AndroidManifest.xml:33:9-37:51
127            android:name="com.google.android.gms.auth.api.signin.RevocationBoundService"
127-->[com.google.android.gms:play-services-auth:21.2.0] AndroidManifest.xml:34:13-89
128            android:exported="true"
128-->[com.google.android.gms:play-services-auth:21.2.0] AndroidManifest.xml:35:13-36
129            android:permission="com.google.android.gms.auth.api.signin.permission.REVOCATION_NOTIFICATION"
129-->[com.google.android.gms:play-services-auth:21.2.0] AndroidManifest.xml:36:13-107
130            android:visibleToInstantApps="true" />
130-->[com.google.android.gms:play-services-auth:21.2.0] AndroidManifest.xml:37:13-48
131
132        <meta-data
132-->[com.google.android.gms:play-services-fitness:21.0.0] AndroidManifest.xml:23:9-25:38
133            android:name="com.google.gms.fitness.sdk.version"
133-->[com.google.android.gms:play-services-fitness:21.0.0] AndroidManifest.xml:24:13-62
134            android:value="20.0.0" />
134-->[com.google.android.gms:play-services-fitness:21.0.0] AndroidManifest.xml:25:13-35
135
136        <activity
136-->[com.google.android.gms:play-services-base:18.3.0] AndroidManifest.xml:20:9-22:45
137            android:name="com.google.android.gms.common.api.GoogleApiActivity"
137-->[com.google.android.gms:play-services-base:18.3.0] AndroidManifest.xml:20:19-85
138            android:exported="false"
138-->[com.google.android.gms:play-services-base:18.3.0] AndroidManifest.xml:22:19-43
139            android:theme="@android:style/Theme.Translucent.NoTitleBar" />
139-->[com.google.android.gms:play-services-base:18.3.0] AndroidManifest.xml:21:19-78
140
141        <meta-data
141-->[com.google.android.gms:play-services-basement:18.3.0] AndroidManifest.xml:21:9-23:69
142            android:name="com.google.android.gms.version"
142-->[com.google.android.gms:play-services-basement:18.3.0] AndroidManifest.xml:22:13-58
143            android:value="@integer/google_play_services_version" />
143-->[com.google.android.gms:play-services-basement:18.3.0] AndroidManifest.xml:23:13-66
144
145        <provider
145-->[androidx.emoji2:emoji2:1.3.0] AndroidManifest.xml:24:9-32:20
146            android:name="androidx.startup.InitializationProvider"
146-->[androidx.emoji2:emoji2:1.3.0] AndroidManifest.xml:25:13-67
147            android:authorities="com.example.app.androidx-startup"
147-->[androidx.emoji2:emoji2:1.3.0] AndroidManifest.xml:26:13-68
148            android:exported="false" >
148-->[androidx.emoji2:emoji2:1.3.0] AndroidManifest.xml:27:13-37
149            <meta-data
149-->[androidx.emoji2:emoji2:1.3.0] AndroidManifest.xml:29:13-31:52
150                android:name="androidx.emoji2.text.EmojiCompatInitializer"
150-->[androidx.emoji2:emoji2:1.3.0] AndroidManifest.xml:30:17-75
151                android:value="androidx.startup" />
151-->[androidx.emoji2:emoji2:1.3.0] AndroidManifest.xml:31:17-49
152            <meta-data
152-->[androidx.lifecycle:lifecycle-process:2.6.1] AndroidManifest.xml:29:13-31:52
153                android:name="androidx.lifecycle.ProcessLifecycleInitializer"
153-->[androidx.lifecycle:lifecycle-process:2.6.1] AndroidManifest.xml:30:17-78
154                android:value="androidx.startup" />
154-->[androidx.lifecycle:lifecycle-process:2.6.1] AndroidManifest.xml:31:17-49
155            <meta-data
155-->[androidx.profileinstaller:profileinstaller:1.3.0] AndroidManifest.xml:29:13-31:52
156                android:name="androidx.profileinstaller.ProfileInstallerInitializer"
156-->[androidx.profileinstaller:profileinstaller:1.3.0] AndroidManifest.xml:30:17-85
157                android:value="androidx.startup" />
157-->[androidx.profileinstaller:profileinstaller:1.3.0] AndroidManifest.xml:31:17-49
158        </provider>
159
160        <receiver
160-->[androidx.profileinstaller:profileinstaller:1.3.0] AndroidManifest.xml:34:9-52:20
161            android:name="androidx.profileinstaller.ProfileInstallReceiver"
161-->[androidx.profileinstaller:profileinstaller:1.3.0] AndroidManifest.xml:35:13-76
162            android:directBootAware="false"
162-->[androidx.profileinstaller:profileinstaller:1.3.0] AndroidManifest.xml:36:13-44
163            android:enabled="true"
163-->[androidx.profileinstaller:profileinstaller:1.3.0] AndroidManifest.xml:37:13-35
164            android:exported="true"
164-->[androidx.profileinstaller:profileinstaller:1.3.0] AndroidManifest.xml:38:13-36
165            android:permission="android.permission.DUMP" >
165-->[androidx.profileinstaller:profileinstaller:1.3.0] AndroidManifest.xml:39:13-57
166            <intent-filter>
166-->[androidx.profileinstaller:profileinstaller:1.3.0] AndroidManifest.xml:40:13-42:29
167                <action android:name="androidx.profileinstaller.action.INSTALL_PROFILE" />
167-->[androidx.profileinstaller:profileinstaller:1.3.0] AndroidManifest.xml:41:17-91
167-->[androidx.profileinstaller:profileinstaller:1.3.0] AndroidManifest.xml:41:25-88
168            </intent-filter>
169            <intent-filter>
169-->[androidx.profileinstaller:profileinstaller:1.3.0] AndroidManifest.xml:43:13-45:29
170                <action android:name="androidx.profileinstaller.action.SKIP_FILE" />
170-->[androidx.profileinstaller:profileinstaller:1.3.0] AndroidManifest.xml:44:17-85
170-->[androidx.profileinstaller:profileinstaller:1.3.0] AndroidManifest.xml:44:25-82
171            </intent-filter>
172            <intent-filter>
172-->[androidx.profileinstaller:profileinstaller:1.3.0] AndroidManifest.xml:46:13-48:29
173                <action android:name="androidx.profileinstaller.action.SAVE_PROFILE" />
173-->[androidx.profileinstaller:profileinstaller:1.3.0] AndroidManifest.xml:47:17-88
173-->[androidx.profileinstaller:profileinstaller:1.3.0] AndroidManifest.xml:47:25-85
174            </intent-filter>
175            <intent-filter>
175-->[androidx.profileinstaller:profileinstaller:1.3.0] AndroidManifest.xml:49:13-51:29
176                <action android:name="androidx.profileinstaller.action.BENCHMARK_OPERATION" />
176-->[androidx.profileinstaller:profileinstaller:1.3.0] AndroidManifest.xml:50:17-95
176-->[androidx.profileinstaller:profileinstaller:1.3.0] AndroidManifest.xml:50:25-92
177            </intent-filter>
178        </receiver>
179    </application>
180
181</manifest>